<?xml version="1.0" encoding="UTF-8"?>
<testng-results skipped="0" failed="0" ignored="0" total="2" passed="2">
  <reporter-output>
  </reporter-output>
  <suite name="Default suite" duration-ms="84523" started-at="2018-08-29T10:41:00Z" finished-at="2018-08-29T10:42:24Z">
    <groups>
    </groups>
    <test name="Default test" duration-ms="84523" started-at="2018-08-29T10:41:00Z" finished-at="2018-08-29T10:42:24Z">
      <class name="com.test.fbloginTest">
        <test-method status="PASS" signature="start()[pri:0, instance:com.test.fbloginTest@6a4f787b]" name="start" is-config="true" duration-ms="41122" started-at="2018-08-29T10:41:00Z" finished-at="2018-08-29T10:41:41Z">
          <reporter-output>
          </reporter-output>
        </test-method> <!-- start -->
        <test-method status="PASS" signature="validatelogin()[pri:1, instance:com.test.fbloginTest@6a4f787b]" name="validatelogin" duration-ms="24247" started-at="2018-08-29T10:41:41Z" finished-at="2018-08-29T10:42:05Z">
          <reporter-output>
          </reporter-output>
        </test-method> <!-- validatelogin -->
        <test-method status="PASS" signature="end()[pri:0, instance:com.test.fbloginTest@6a4f787b]" name="end" is-config="true" duration-ms="426" started-at="2018-08-29T10:42:05Z" finished-at="2018-08-29T10:42:06Z">
          <reporter-output>
          </reporter-output>
        </test-method> <!-- end -->
        <test-method status="PASS" signature="start()[pri:0, instance:com.test.fbloginTest@6a4f787b]" name="start" is-config="true" duration-ms="17720" started-at="2018-08-29T10:42:06Z" finished-at="2018-08-29T10:42:24Z">
          <reporter-output>
          </reporter-output>
        </test-method> <!-- start -->
        <test-method status="PASS" signature="validatelogo()[pri:2, instance:com.test.fbloginTest@6a4f787b]" name="validatelogo" duration-ms="233" started-at="2018-08-29T10:42:24Z" finished-at="2018-08-29T10:42:24Z">
          <reporter-output>
          </reporter-output>
        </test-method> <!-- validatelogo -->
        <test-method status="PASS" signature="end()[pri:0, instance:com.test.fbloginTest@6a4f787b]" name="end" is-config="true" duration-ms="618" started-at="2018-08-29T10:42:24Z" finished-at="2018-08-29T10:42:24Z">
          <reporter-output>
          </reporter-output>
        </test-method> <!-- end -->
      </class> <!-- com.test.fbloginTest -->
    </test> <!-- Default test -->
  </suite> <!-- Default suite -->
</testng-results>
